<?xml version="1.0" encoding="UTF-8"?>
<!-- Generated by org.testng.reporters.JUnitReportReporter -->
<testsuite hostname="ICPL10321" name="Jersey_AutomationWebService1.Jersey_AutomationWebService1.module2.Jersey_Module2" tests="1" failures="0" timestamp="25 Sep 2017 14:11:37 GMT" time="0.560" errors="0">
  <testcase name="stepModule2" time="0.560" classname="Jersey_AutomationWebService1.Jersey_AutomationWebService1.module2.Jersey_Module2"/>
</testsuite> <!-- Jersey_AutomationWebService1.Jersey_AutomationWebService1.module2.Jersey_Module2 -->
