<?xml version="1.0" encoding="UTF-8"?>
<!-- Generated by org.testng.reporters.JUnitReportReporter -->
<testsuite hostname="ICPL10321" name="Jersey_AutomationWebService1.Jersey_AutomationWebService1.module1.RegisterUser" tests="1" failures="0" timestamp="21 Sep 2017 09:36:51 GMT" time="1.134" errors="0">
  <testcase name="RegisterUserMethod" time="1.134" classname="Jersey_AutomationWebService1.Jersey_AutomationWebService1.module1.RegisterUser"/>
</testsuite> <!-- Jersey_AutomationWebService1.Jersey_AutomationWebService1.module1.RegisterUser -->
