<?xml version="1.0" encoding="UTF-8"?>
<!-- Generated by org.testng.reporters.JUnitReportReporter -->
<testsuite hostname="ICPL10357" name="Module1.Module1" tests="1" failures="0" timestamp="27 Sep 2017 11:13:06 GMT" time="1.537" errors="0">
  <testcase name="stepModule1" time="1.537" classname="Module1.Module1"/>
</testsuite> <!-- Module1.Module1 -->
