<?xml version="1.0" encoding="UTF-8"?>
<!-- Generated by org.testng.reporters.JUnitReportReporter -->
<testsuite hostname="ICPL10321" name="Jersey_AutomationWebService1.Jersey_AutomationWebService1.module3.Jersey_Module3" tests="1" failures="0" timestamp="25 Sep 2017 14:11:37 GMT" time="0.690" errors="0">
  <testcase name="stepModule3" time="0.690" classname="Jersey_AutomationWebService1.Jersey_AutomationWebService1.module3.Jersey_Module3"/>
</testsuite> <!-- Jersey_AutomationWebService1.Jersey_AutomationWebService1.module3.Jersey_Module3 -->
