<?xml version="1.0" encoding="UTF-8"?>
<!-- Generated by org.testng.reporters.JUnitReportReporter -->
<testsuite hostname="ICPL10321" name="Jersey_AutomationWebService1.Jersey_AutomationWebService1.module1.Jersey_Module1" tests="1" failures="0" timestamp="26 Sep 2017 09:42:15 GMT" time="1.360" errors="0">
  <testcase name="stepModule1" time="1.360" classname="Jersey_AutomationWebService1.Jersey_AutomationWebService1.module1.Jersey_Module1"/>
</testsuite> <!-- Jersey_AutomationWebService1.Jersey_AutomationWebService1.module1.Jersey_Module1 -->
